C:\Program Files (x86)\Microsoft Visual Studio\2019\Community\MSBuild\Microsoft\VC\v160\Microsoft.CppBuild.targets(992,5): warning MSB8027: Two or more files with the name of module_config.cpp will produce outputs to the same location. This can lead to an incorrect build result.  The files involved are ..\kabuki.toolkit\seams\module_config.cpp, ..\script2\seams\module_config.cpp.
  autopilot_agentmaze.inl
C:\workspace\kabuki-starship\igeek.autopilot\autopilot_agentmaze.inl(14,10): error C2013:  missing '>'
C:\workspace\kabuki-starship\igeek.autopilot\autopilot_agentmaze.inl(15,10): error C2013:  missing '>'
  autopilot_xy.inl
C:\workspace\kabuki-starship\igeek.autopilot\autopilot_agentmaze.inl(481,1): error C1010:  unexpected end of file while looking for precompiled header. Did you forget to add '#include "pch.h"' to your source?
C:\workspace\kabuki-starship\igeek.autopilot\autopilot_xy.inl(10,10): error C2013:  missing '>'
C:\workspace\kabuki-starship\igeek.autopilot\autopilot_xy.inl(14,10): error C2013:  missing '>'
C:\workspace\kabuki-starship\igeek.autopilot\autopilot_xy.inl(15,10): error C2013:  missing '>'
  main.cc
C:\workspace\kabuki-starship\igeek.autopilot\autopilot_xy.inl(53,1): error C1010:  unexpected end of file while looking for precompiled header. Did you forget to add '#include "pch.h"' to your source?
  module_config.inl
C:\workspace\kabuki-starship\igeek.autopilot\main.cc(69,1): error C1010:  unexpected end of file while looking for precompiled header. Did you forget to add '#include "pch.h"' to your source?
C:\workspace\kabuki-starship\igeek.autopilot\module_config.inl(10,10): error C2013:  missing '>'
  main.cpp
C:\workspace\kabuki-starship\igeek.autopilot\module_config.inl(11,1): error C1010:  unexpected end of file while looking for precompiled header. Did you forget to add '#include "pch.h"' to your source?
  pch.cpp
C:\workspace\kabuki-starship\igeek.human\main.cpp(10,10): error C1083:  Cannot open precompiled header file: 'Debug\unseenia.toolkit.pch': No such file or directory
  module_config.cpp
C:\workspace\kabuki-starship\igeek.human\pch.cpp(10,10): error C1083:  Cannot open precompiled header file: 'Debug\unseenia.toolkit.pch': No such file or directory
  module_config.cpp
C:\workspace\kabuki-starship\kabuki.toolkit\seams\module_config.cpp(12,10): error C1083:  Cannot open precompiled header file: 'Debug\unseenia.toolkit.pch': No such file or directory
  Generating Code...
C:\workspace\kabuki-starship\script2\seams\module_config.cpp(155,1): error C1010:  unexpected end of file while looking for precompiled header. Did you forget to add '#include "pch.h"' to your source?
